0 info it worked if it ends with ok
1 verbose cli [ '/home/gabi/.nvm/versions/node/v7.6.0/bin/node',
1 verbose cli   '/home/gabi/.nvm/versions/node/v7.6.0/bin/npm',
1 verbose cli   'run',
1 verbose cli   'build' ]
2 info using npm@4.1.2
3 info using node@v7.6.0
4 verbose run-script [ 'prebuild', 'build', 'postbuild' ]
5 info lifecycle syrianarchive-http@1.0.0~prebuild: syrianarchive-http@1.0.0
6 silly lifecycle syrianarchive-http@1.0.0~prebuild: no script for prebuild, continuing
7 info lifecycle syrianarchive-http@1.0.0~build: syrianarchive-http@1.0.0
8 verbose lifecycle syrianarchive-http@1.0.0~build: unsafe-perm in lifecycle true
9 verbose lifecycle syrianarchive-http@1.0.0~build: PATH: /home/gabi/.nvm/versions/node/v7.6.0/lib/node_modules/npm/bin/node-gyp-bin:/home/gabi/Documents/syrianarchive-http/node_modules/.bin:/home/gabi/.nvm/versions/node/v7.6.0/bin:/home/gabi/bin:/home/gabi/.local/bin:/usr/local/sbin:/usr/local/bin:/usr/sbin:/usr/bin:/sbin:/bin:/usr/games:/usr/local/games:/snap/bin
10 verbose lifecycle syrianarchive-http@1.0.0~build: CWD: /home/gabi/Documents/syrianarchive-http
11 silly lifecycle syrianarchive-http@1.0.0~build: Args: [ '-c',
11 silly lifecycle   'npm run build-content && npm run standalone && webpack --config webpack.config.js' ]
12 silly lifecycle syrianarchive-http@1.0.0~build: Returned: code: 1  signal: null
13 info lifecycle syrianarchive-http@1.0.0~build: Failed to exec build script
14 verbose stack Error: syrianarchive-http@1.0.0 build: `npm run build-content && npm run standalone && webpack --config webpack.config.js`
14 verbose stack Exit status 1
14 verbose stack     at EventEmitter.<anonymous> (/home/gabi/.nvm/versions/node/v7.6.0/lib/node_modules/npm/lib/utils/lifecycle.js:279:16)
14 verbose stack     at emitTwo (events.js:106:13)
14 verbose stack     at EventEmitter.emit (events.js:192:7)
14 verbose stack     at ChildProcess.<anonymous> (/home/gabi/.nvm/versions/node/v7.6.0/lib/node_modules/npm/lib/utils/spawn.js:40:14)
14 verbose stack     at emitTwo (events.js:106:13)
14 verbose stack     at ChildProcess.emit (events.js:192:7)
14 verbose stack     at maybeClose (internal/child_process.js:890:16)
14 verbose stack     at Process.ChildProcess._handle.onexit (internal/child_process.js:226:5)
15 verbose pkgid syrianarchive-http@1.0.0
16 verbose cwd /home/gabi/Documents/syrianarchive-http/syrianarchive-investigations
17 error Linux 4.13.0-38-generic
18 error argv "/home/gabi/.nvm/versions/node/v7.6.0/bin/node" "/home/gabi/.nvm/versions/node/v7.6.0/bin/npm" "run" "build"
19 error node v7.6.0
20 error npm  v4.1.2
21 error code ELIFECYCLE
22 error syrianarchive-http@1.0.0 build: `npm run build-content && npm run standalone && webpack --config webpack.config.js`
22 error Exit status 1
23 error Failed at the syrianarchive-http@1.0.0 build script 'npm run build-content && npm run standalone && webpack --config webpack.config.js'.
23 error Make sure you have the latest version of node.js and npm installed.
23 error If you do, this is most likely a problem with the syrianarchive-http package,
23 error not with npm itself.
23 error Tell the author that this fails on your system:
23 error     npm run build-content && npm run standalone && webpack --config webpack.config.js
23 error You can get information on how to open an issue for this project with:
23 error     npm bugs syrianarchive-http
23 error Or if that isn't available, you can get their info via:
23 error     npm owner ls syrianarchive-http
23 error There is likely additional logging output above.
24 verbose exit [ 1, true ]
